2020-08-07 14:45:10.322 [main] INFO  [com.example.demo.web.DemoWebApplication-55] - Starting DemoWebApplication on PC-20200112QBXZ with PID 16828 (D:\workspace\spring-boot-demo\demo-web\target\classes started by jiruifeng001 in D:\workspace\spring-boot-demo)
2020-08-07 14:45:10.326 [main] INFO  [com.example.demo.web.DemoWebApplication-655] - The following profiles are active: dev
2020-08-07 14:45:11.347 [main] INFO  [org.apache.coyote.http11.Http11NioProtocol-173] - Initializing ProtocolHandler ["http-nio-8082"]
2020-08-07 14:45:11.347 [main] INFO  [org.apache.catalina.core.StandardService-173] - Starting service [Tomcat]
2020-08-07 14:45:11.348 [main] INFO  [org.apache.catalina.core.StandardEngine-173] - Starting Servlet engine: [Apache Tomcat/9.0.29]
2020-08-07 14:45:11.403 [main] INFO  [org.apache.catalina.core.ContainerBase.[Tomcat].[localhost].[/apis/v1]-173] - Initializing Spring embedded WebApplicationContext
2020-08-07 14:45:11.742 [main] INFO  [springfox.documentation.spring.web.PropertySourcedRequestMappingHandlerMapping-69] - Mapped URL path [/v2/api-docs] onto method [springfox.documentation.swagger2.web.Swagger2Controller#getDocumentation(String, HttpServletRequest)]
2020-08-07 14:45:11.994 [main] INFO  [springfox.documentation.spring.web.plugins.DocumentationPluginsBootstrapper-151] - Context refreshed
2020-08-07 14:45:12.007 [main] INFO  [springfox.documentation.spring.web.plugins.DocumentationPluginsBootstrapper-154] - Found 1 custom documentation plugin(s)
2020-08-07 14:45:12.031 [main] INFO  [springfox.documentation.spring.web.scanners.ApiListingReferenceScanner-41] - Scanning for api listing references
2020-08-07 14:45:12.149 [main] INFO  [org.apache.coyote.http11.Http11NioProtocol-173] - Starting ProtocolHandler ["http-nio-8082"]
2020-08-07 14:45:12.165 [main] INFO  [com.example.demo.web.DemoWebApplication-61] - Started DemoWebApplication in 2.352 seconds (JVM running for 3.527)
2020-08-07 14:45:12.167 [main] INFO  [com.example.demo.web.DemoWebApplication-30] - started at http://10.33.136.54:8082/apis/v1   and this routine is 16828@PC-20200112QBXZ 
2020-08-07 14:45:12.167 [main] INFO  [com.example.demo.web.DemoWebApplication-31] - API message  http://10.33.136.54:8082/apis/v1/swagger-ui.html
2020-08-07 14:49:19.362 [main] INFO  [com.example.demo.web.DemoWebApplication-55] - Starting DemoWebApplication on PC-20200112QBXZ with PID 12684 (D:\workspace\spring-boot-demo\demo-web\target\classes started by jiruifeng001 in D:\workspace\spring-boot-demo)
2020-08-07 14:49:19.366 [main] INFO  [com.example.demo.web.DemoWebApplication-655] - The following profiles are active: dev
2020-08-07 14:49:20.349 [main] INFO  [org.apache.coyote.http11.Http11NioProtocol-173] - Initializing ProtocolHandler ["http-nio-8082"]
2020-08-07 14:49:20.349 [main] INFO  [org.apache.catalina.core.StandardService-173] - Starting service [Tomcat]
2020-08-07 14:49:20.350 [main] INFO  [org.apache.catalina.core.StandardEngine-173] - Starting Servlet engine: [Apache Tomcat/9.0.29]
2020-08-07 14:49:20.407 [main] INFO  [org.apache.catalina.core.ContainerBase.[Tomcat].[localhost].[/apis/v1]-173] - Initializing Spring embedded WebApplicationContext
2020-08-07 14:49:20.716 [main] INFO  [springfox.documentation.spring.web.PropertySourcedRequestMappingHandlerMapping-69] - Mapped URL path [/v2/api-docs] onto method [springfox.documentation.swagger2.web.Swagger2Controller#getDocumentation(String, HttpServletRequest)]
2020-08-07 14:49:20.952 [main] INFO  [springfox.documentation.spring.web.plugins.DocumentationPluginsBootstrapper-151] - Context refreshed
2020-08-07 14:49:20.961 [main] INFO  [springfox.documentation.spring.web.plugins.DocumentationPluginsBootstrapper-154] - Found 1 custom documentation plugin(s)
2020-08-07 14:49:20.983 [main] INFO  [springfox.documentation.spring.web.scanners.ApiListingReferenceScanner-41] - Scanning for api listing references
2020-08-07 14:49:21.090 [main] INFO  [org.apache.coyote.http11.Http11NioProtocol-173] - Starting ProtocolHandler ["http-nio-8082"]
2020-08-07 14:49:21.106 [main] INFO  [com.example.demo.web.DemoWebApplication-61] - Started DemoWebApplication in 2.103 seconds (JVM running for 2.638)
2020-08-07 14:49:21.108 [main] INFO  [com.example.demo.web.DemoWebApplication-30] - started at http://10.33.136.54:8082/apis/v1   and this routine is 12684@PC-20200112QBXZ 
2020-08-07 14:49:21.108 [main] INFO  [com.example.demo.web.DemoWebApplication-31] - API message  http://10.33.136.54:8082/apis/v1/swagger-ui.html
2020-08-07 14:50:18.062 [main] INFO  [com.example.demo.web.DemoWebApplication-55] - Starting DemoWebApplication on PC-20200112QBXZ with PID 17516 (D:\workspace\spring-boot-demo\demo-web\target\classes started by jiruifeng001 in D:\workspace\spring-boot-demo)
2020-08-07 14:50:18.065 [main] INFO  [com.example.demo.web.DemoWebApplication-655] - The following profiles are active: dev
2020-08-07 14:50:19.203 [main] INFO  [org.apache.coyote.http11.Http11NioProtocol-173] - Initializing ProtocolHandler ["http-nio-8082"]
2020-08-07 14:50:19.204 [main] INFO  [org.apache.catalina.core.StandardService-173] - Starting service [Tomcat]
2020-08-07 14:50:19.204 [main] INFO  [org.apache.catalina.core.StandardEngine-173] - Starting Servlet engine: [Apache Tomcat/9.0.29]
2020-08-07 14:50:19.262 [main] INFO  [org.apache.catalina.core.ContainerBase.[Tomcat].[localhost].[/apis/v1]-173] - Initializing Spring embedded WebApplicationContext
2020-08-07 14:50:19.579 [main] INFO  [springfox.documentation.spring.web.PropertySourcedRequestMappingHandlerMapping-69] - Mapped URL path [/v2/api-docs] onto method [springfox.documentation.swagger2.web.Swagger2Controller#getDocumentation(String, HttpServletRequest)]
2020-08-07 14:50:19.877 [main] INFO  [tk.mybatis.mapper.autoconfigure.MapperCacheDisabler-60] - Clear tk.mybatis.mapper.util.MsUtil CLASS_CACHE cache.
2020-08-07 14:50:19.877 [main] INFO  [tk.mybatis.mapper.autoconfigure.MapperCacheDisabler-60] - Clear tk.mybatis.mapper.genid.GenIdUtil CACHE cache.
2020-08-07 14:50:19.878 [main] INFO  [tk.mybatis.mapper.autoconfigure.MapperCacheDisabler-60] - Clear tk.mybatis.mapper.version.VersionUtil CACHE cache.
2020-08-07 14:50:19.879 [main] INFO  [tk.mybatis.mapper.autoconfigure.MapperCacheDisabler-83] - Clear EntityHelper entityTableMap cache.
2020-08-07 14:50:20.006 [main] INFO  [springfox.documentation.spring.web.plugins.DocumentationPluginsBootstrapper-151] - Context refreshed
2020-08-07 14:50:20.016 [main] INFO  [springfox.documentation.spring.web.plugins.DocumentationPluginsBootstrapper-154] - Found 1 custom documentation plugin(s)
2020-08-07 14:50:20.038 [main] INFO  [springfox.documentation.spring.web.scanners.ApiListingReferenceScanner-41] - Scanning for api listing references
2020-08-07 14:50:20.161 [main] INFO  [org.apache.coyote.http11.Http11NioProtocol-173] - Starting ProtocolHandler ["http-nio-8082"]
2020-08-07 14:50:20.179 [main] INFO  [com.example.demo.web.DemoWebApplication-61] - Started DemoWebApplication in 2.501 seconds (JVM running for 3.067)
2020-08-07 14:50:20.181 [main] INFO  [com.example.demo.web.DemoWebApplication-30] - started at http://10.33.136.54:8082/apis/v1   and this routine is 17516@PC-20200112QBXZ 
2020-08-07 14:50:20.181 [main] INFO  [com.example.demo.web.DemoWebApplication-31] - API message  http://10.33.136.54:8082/apis/v1/swagger-ui.html
2020-08-07 14:50:41.734 [main] INFO  [com.example.demo.web.DemoWebApplication-55] - Starting DemoWebApplication on PC-20200112QBXZ with PID 19320 (D:\workspace\spring-boot-demo\demo-web\target\classes started by jiruifeng001 in D:\workspace\spring-boot-demo)
2020-08-07 14:50:41.737 [main] INFO  [com.example.demo.web.DemoWebApplication-655] - The following profiles are active: dev
2020-08-07 14:50:42.966 [main] INFO  [org.apache.coyote.http11.Http11NioProtocol-173] - Initializing ProtocolHandler ["http-nio-8082"]
2020-08-07 14:50:42.967 [main] INFO  [org.apache.catalina.core.StandardService-173] - Starting service [Tomcat]
2020-08-07 14:50:42.967 [main] INFO  [org.apache.catalina.core.StandardEngine-173] - Starting Servlet engine: [Apache Tomcat/9.0.29]
2020-08-07 14:50:43.025 [main] INFO  [org.apache.catalina.core.ContainerBase.[Tomcat].[localhost].[/apis/v1]-173] - Initializing Spring embedded WebApplicationContext
2020-08-07 14:50:43.348 [main] INFO  [springfox.documentation.spring.web.PropertySourcedRequestMappingHandlerMapping-69] - Mapped URL path [/v2/api-docs] onto method [springfox.documentation.swagger2.web.Swagger2Controller#getDocumentation(String, HttpServletRequest)]
2020-08-07 14:50:43.646 [main] INFO  [tk.mybatis.mapper.autoconfigure.MapperCacheDisabler-60] - Clear tk.mybatis.mapper.util.MsUtil CLASS_CACHE cache.
2020-08-07 14:50:43.646 [main] INFO  [tk.mybatis.mapper.autoconfigure.MapperCacheDisabler-60] - Clear tk.mybatis.mapper.genid.GenIdUtil CACHE cache.
2020-08-07 14:50:43.646 [main] INFO  [tk.mybatis.mapper.autoconfigure.MapperCacheDisabler-60] - Clear tk.mybatis.mapper.version.VersionUtil CACHE cache.
2020-08-07 14:50:43.647 [main] INFO  [tk.mybatis.mapper.autoconfigure.MapperCacheDisabler-83] - Clear EntityHelper entityTableMap cache.
2020-08-07 14:50:43.772 [main] INFO  [springfox.documentation.spring.web.plugins.DocumentationPluginsBootstrapper-151] - Context refreshed
2020-08-07 14:50:43.782 [main] INFO  [springfox.documentation.spring.web.plugins.DocumentationPluginsBootstrapper-154] - Found 1 custom documentation plugin(s)
2020-08-07 14:50:43.804 [main] INFO  [springfox.documentation.spring.web.scanners.ApiListingReferenceScanner-41] - Scanning for api listing references
2020-08-07 14:50:43.919 [main] INFO  [org.apache.coyote.http11.Http11NioProtocol-173] - Starting ProtocolHandler ["http-nio-8082"]
2020-08-07 14:50:43.937 [main] INFO  [com.example.demo.web.DemoWebApplication-61] - Started DemoWebApplication in 2.595 seconds (JVM running for 3.165)
2020-08-07 14:50:43.939 [main] INFO  [com.example.demo.web.DemoWebApplication-30] - started at http://10.33.136.54:8082/apis/v1   and this routine is 19320@PC-20200112QBXZ 
2020-08-07 14:50:43.939 [main] INFO  [com.example.demo.web.DemoWebApplication-31] - API message  http://10.33.136.54:8082/apis/v1/swagger-ui.html
